<?xml version="1.0" encoding="UTF-8"?>
<!-- Generated by org.testng.reporters.JUnitReportReporter -->
<testsuite hostname="INBANGNBSREEKR1" name="com.gurukulam.test.Branch" tests="1" failures="0" timestamp="6 Jul 2016 04:08:19 GMT" time="32.368" errors="0">
  <testcase name="BRANCH01" time="32.368" classname="com.gurukulam.test.Branch"/>
</testsuite> <!-- com.gurukulam.test.Branch -->
