<?xml version="1.0" encoding="UTF-8"?>
<!-- Generated by org.testng.reporters.JUnitReportReporter -->
<testsuite hostname="INBANGNBSREEKR1" name="com.gurukulam.test.Staff" tests="1" failures="0" timestamp="6 Jul 2016 04:20:30 GMT" time="49.906" errors="0">
  <testcase name="STAFF01" time="49.906" classname="com.gurukulam.test.Staff"/>
</testsuite> <!-- com.gurukulam.test.Staff -->
